<?xml version="1.0" encoding="UTF-8"?>
<!-- Generated by org.testng.reporters.JUnitReportReporter -->
<testsuite hostname="ATMECSINDT-088" failures="0" tests="1" name="com.atmecs.project.script.ContextMenu" time="4.756" errors="0" timestamp="26 Sep 2019 10:21:13 GMT" skipped="0">
  <testcase classname="com.atmecs.project.script.ContextMenu" name="contextamenu" time="4.756"/>
</testsuite> <!-- com.atmecs.project.script.ContextMenu -->
